#
# There is insufficient memory for the Java Runtime Environment to continue.
# Native memory allocation (mmap) failed to map 134217728 bytes for G1 virtual space
# Possible reasons:
#   The system is out of physical RAM or swap space
#   The process is running with CompressedOops enabled, and the Java Heap may be blocking the growth of the native heap
# Possible solutions:
#   Reduce memory load on the system
#   Increase physical memory or swap space
#   Check if swap backing store is full
#   Decrease Java heap size (-Xmx/-Xms)
#   Decrease number of Java threads
#   Decrease Java thread stack sizes (-Xss)
#   Set larger code cache with -XX:ReservedCodeCacheSize=
#   JVM is running with Unscaled Compressed Oops mode in which the Java heap is
#     placed in the first 4GB address space. The Java Heap base address is the
#     maximum limit for the native heap growth. Please use -XX:HeapBaseMinAddress
#     to set the Java Heap base and to place the Java Heap above 4GB virtual address.
# This output file may be truncated or incomplete.
#
#  Out of Memory Error (os_windows.cpp:3825), pid=5704, tid=11448
#
# JRE version:  (17.0.10+1) (build )
# Java VM: OpenJDK 64-Bit Server VM (17.0.10+1-b1087.23, mixed mode, sharing, tiered, compressed oops, compressed class ptrs, g1 gc, windows-amd64)
# No core dump will be written. Minidumps are not enabled by default on client versions of Windows
#

---------------  S U M M A R Y ------------

Command Line: -Djava.rmi.server.hostname=127.0.0.1 -Duser.timezone=UTC -Xmx2048m -Xms128m -Djdbc.classpath=C:\Program Files\JetBrains\PyCharm 2023.3\plugins\DatabaseTools\lib\jdbc-console.jar;C:\Users\Andreas\AppData\Roaming\JetBrains\PyCharm2023.3\jdbc-drivers\PostgreSQL\42.6.0\org\postgresql\postgresql\42.6.0\postgresql-42.6.0.jar;C:\Users\Andreas\AppData\Roaming\JetBrains\PyCharm2023.3\jdbc-drivers\PostgreSQL\42.6.0\org\checkerframework\checker-qual\3.31.0\checker-qual-3.31.0.jar;C:\Users\Andreas\AppData\Roaming\JetBrains\PyCharm2023.3\jdbc-drivers\PostgreSQL\42.6.0\com\github\waffle\waffle-jna\1.9.1\waffle-jna-1.9.1.jar;C:\Users\Andreas\AppData\Roaming\JetBrains\PyCharm2023.3\jdbc-drivers\PostgreSQL\42.6.0\net\java\dev\jna\jna\4.5.1\jna-4.5.1.jar;C:\Users\Andreas\AppData\Roaming\JetBrains\PyCharm2023.3\jdbc-drivers\PostgreSQL\42.6.0\net\java\dev\jna\jna-platform\4.5.1\jna-platform-4.5.1.jar;C:\Users\Andreas\AppData\Roaming\JetBrains\PyCharm2023.3\jdbc-drivers\PostgreSQL\42.6.0\org\slf4j\jcl-over-slf4j\1.7.25\jcl-over-slf4j-1.7.25.jar;C:\Users\Andreas\AppData\Roaming\JetBrains\PyCharm2023.3\jdbc-drivers\PostgreSQL\42.6.0\org\slf4j\slf4j-api\1.7.25\slf4j-api-1.7.25.jar;C:\Users\Andreas\AppData\Roaming\JetBrains\PyCharm2023.3\jdbc-drivers\PostgreSQL\42.6.0\com\github\ben-manes\caffeine\caffeine\2.6.2\caffeine-2.6.2.jar --add-exports=java.desktop/sun.awt=ALL-UNNAMED --add-exports=java.desktop/java.awt.peer=ALL-UNNAMED --add-opens=java.desktop/java.awt=ALL-UNNAMED --add-opens=jdk.unsupported/sun.misc=ALL-UNNAMED --add-opens=java.base/java.nio=ALL-UNNAMED --add-opens=java.base/java.util=ALL-UNNAMED -Dfile.encoding=UTF-8 com.intellij.database.remote.RemoteJdbcServer org.postgresql.Driver

Host: Intel(R) Core(TM) i5-7200U CPU @ 2.50GHz, 4 cores, 7G,  Windows 11 , 64 bit Build 22621 (10.0.22621.3235)
Time: Sat Mar 30 00:07:36 2024 W. Europe Standard Time elapsed time: 0.048521 seconds (0d 0h 0m 0s)

---------------  T H R E A D  ---------------

Current thread (0x000002661a2f9880):  JavaThread "Unknown thread" [_thread_in_vm, id=11448, stack(0x000000f216100000,0x000000f216200000)]

Stack: [0x000000f216100000,0x000000f216200000]
Native frames: (J=compiled Java code, j=interpreted, Vv=VM code, C=native code)
V  [jvm.dll+0x688a29]
V  [jvm.dll+0x84216a]
V  [jvm.dll+0x843dae]
V  [jvm.dll+0x844413]
V  [jvm.dll+0x24ba8f]
V  [jvm.dll+0x6857f9]
V  [jvm.dll+0x67a0aa]
V  [jvm.dll+0x30c7eb]
V  [jvm.dll+0x313c96]
V  [jvm.dll+0x363a2e]
V  [jvm.dll+0x363c5f]
V  [jvm.dll+0x2e25b8]
V  [jvm.dll+0x2e3524]
V  [jvm.dll+0x812cd1]
V  [jvm.dll+0x3718e1]
V  [jvm.dll+0x7f1836]
V  [jvm.dll+0x3f553f]
V  [jvm.dll+0x3f7171]
C  [jli.dll+0x528f]
C  [ucrtbase.dll+0x29363]
C  [KERNEL32.DLL+0x1257d]
C  [ntdll.dll+0x5aa58]


---------------  P R O C E S S  ---------------

Threads class SMR info:
_java_thread_list=0x00007ffa42e7ef58, length=0, elements={
}

Java Threads: ( => current thread )

Other Threads:
  0x000002661a354500 GCTaskThread "GC Thread#0" [stack: 0x000000f216200000,0x000000f216300000] [id=7580]
  0x000002661a366370 ConcurrentGCThread "G1 Main Marker" [stack: 0x000000f216300000,0x000000f216400000] [id=10808]
  0x000002661a367440 ConcurrentGCThread "G1 Conc#0" [stack: 0x000000f216400000,0x000000f216500000] [id=10160]

[error occurred during error reporting (printing all threads), id 0xc0000005, EXCEPTION_ACCESS_VIOLATION (0xc0000005) at pc=0x00007ffa42633187]

VM state: not at safepoint (not fully initialized)

VM Mutex/Monitor currently owned by a thread:  ([mutex/lock_event])
[0x000002661a2f40f0] Heap_lock - owner thread: 0x000002661a2f9880

Heap address: 0x0000000080000000, size: 2048 MB, Compressed Oops mode: 32-bit

CDS archive(s) mapped at: [0x0000000000000000-0x0000000000000000-0x0000000000000000), size 0, SharedBaseAddress: 0x0000000800000000, ArchiveRelocationMode: 1.
Narrow klass base: 0x0000000000000000, Narrow klass shift: 0, Narrow klass range: 0x0

GC Precious Log:
<Empty>

Heap:
 garbage-first heap   total 0K, used 0K [0x0000000080000000, 0x0000000100000000)
  region size 1024K, 0 young (0K), 0 survivors (0K)
 Metaspace       used 0K, committed 0K, reserved 0K
  class space    used 0K, committed 0K, reserved 0K

Heap Regions: E=young(eden), S=young(survivor), O=old, HS=humongous(starts), HC=humongous(continues), CS=collection set, F=free, OA=open archive, CA=closed archive, TAMS=top-at-mark-start (previous, next)

Card table byte_map: [0x000002662ec60000,0x000002662f060000] _byte_map_base: 0x000002662e860000

Marking Bits (Prev, Next): (CMBitMap*) 0x000002661a354a30, (CMBitMap*) 0x000002661a354a70
 Prev Bits: [0x000002662f460000, 0x0000026631460000)
 Next Bits: [0x0000026631460000, 0x0000026633460000)

GC Heap History (0 events):
No events

Dll operation events (1 events):
Event: 0.034 Loaded shared library C:\Program Files\JetBrains\PyCharm 2023.3\jbr\bin\java.dll

Deoptimization events (0 events):
No events

Classes unloaded (0 events):
No events

Classes redefined (0 events):
No events

Internal exceptions (0 events):
No events

VM Operations (0 events):
No events

Events (0 events):
No events


Dynamic libraries:
0x00007ff6b6cc0000 - 0x00007ff6b6cca000 	C:\Program Files\JetBrains\PyCharm 2023.3\jbr\bin\java.exe
0x00007ffa99db0000 - 0x00007ffa99fc6000 	C:\WINDOWS\SYSTEM32\ntdll.dll
0x00007ffa99290000 - 0x00007ffa99354000 	C:\WINDOWS\System32\KERNEL32.DLL
0x00007ffa974c0000 - 0x00007ffa97866000 	C:\WINDOWS\System32\KERNELBASE.dll
0x00007ffa94040000 - 0x00007ffa940d7000 	C:\WINDOWS\SYSTEM32\apphelp.dll
0x00007ffa970f0000 - 0x00007ffa97201000 	C:\WINDOWS\System32\ucrtbase.dll
0x00007ffa8c550000 - 0x00007ffa8c567000 	C:\Program Files\JetBrains\PyCharm 2023.3\jbr\bin\jli.dll
0x00007ffa44500000 - 0x00007ffa4451b000 	C:\Program Files\JetBrains\PyCharm 2023.3\jbr\bin\VCRUNTIME140.dll
0x00007ffa989b0000 - 0x00007ffa98b5d000 	C:\WINDOWS\System32\USER32.dll
0x00007ffa7d7f0000 - 0x00007ffa7da83000 	C:\WINDOWS\WinSxS\amd64_microsoft.windows.common-controls_6595b64144ccf1df_6.0.22621.3235_none_270f74e173860f98\COMCTL32.dll
0x00007ffa97ad0000 - 0x00007ffa97af6000 	C:\WINDOWS\System32\win32u.dll
0x00007ffa98900000 - 0x00007ffa989a7000 	C:\WINDOWS\System32\msvcrt.dll
0x00007ffa98e10000 - 0x00007ffa98e39000 	C:\WINDOWS\System32\GDI32.dll
0x00007ffa97870000 - 0x00007ffa97988000 	C:\WINDOWS\System32\gdi32full.dll
0x00007ffa97210000 - 0x00007ffa972aa000 	C:\WINDOWS\System32\msvcp_win.dll
0x00007ffa99d30000 - 0x00007ffa99d61000 	C:\WINDOWS\System32\IMM32.DLL
0x00007ffa444f0000 - 0x00007ffa444fc000 	C:\Program Files\JetBrains\PyCharm 2023.3\jbr\bin\vcruntime140_1.dll
0x00007ffa40660000 - 0x00007ffa406ed000 	C:\Program Files\JetBrains\PyCharm 2023.3\jbr\bin\msvcp140.dll
0x00007ffa42340000 - 0x00007ffa42fc3000 	C:\Program Files\JetBrains\PyCharm 2023.3\jbr\bin\server\jvm.dll
0x00007ffa99c70000 - 0x00007ffa99d22000 	C:\WINDOWS\System32\ADVAPI32.dll
0x00007ffa99180000 - 0x00007ffa99228000 	C:\WINDOWS\System32\sechost.dll
0x00007ffa97490000 - 0x00007ffa974b8000 	C:\WINDOWS\System32\bcrypt.dll
0x00007ffa98bc0000 - 0x00007ffa98cd5000 	C:\WINDOWS\System32\RPCRT4.dll
0x00007ffa90ca0000 - 0x00007ffa90cd4000 	C:\WINDOWS\SYSTEM32\WINMM.dll
0x00007ffa90de0000 - 0x00007ffa90de9000 	C:\WINDOWS\SYSTEM32\WSOCK32.dll
0x00007ffa97b00000 - 0x00007ffa97b71000 	C:\WINDOWS\System32\WS2_32.dll
0x00007ffa96fc0000 - 0x00007ffa9700d000 	C:\WINDOWS\SYSTEM32\POWRPROF.dll
0x00007ffa91c00000 - 0x00007ffa91c0a000 	C:\WINDOWS\SYSTEM32\VERSION.dll
0x00007ffa96fa0000 - 0x00007ffa96fb3000 	C:\WINDOWS\SYSTEM32\UMPDC.dll
0x00007ffa960f0000 - 0x00007ffa96108000 	C:\WINDOWS\SYSTEM32\kernel.appcore.dll
0x00007ffa8c790000 - 0x00007ffa8c79a000 	C:\Program Files\JetBrains\PyCharm 2023.3\jbr\bin\jimage.dll
0x00007ffa94a00000 - 0x00007ffa94c33000 	C:\WINDOWS\SYSTEM32\DBGHELP.DLL
0x00007ffa98180000 - 0x00007ffa98508000 	C:\WINDOWS\System32\combase.dll
0x00007ffa98570000 - 0x00007ffa98647000 	C:\WINDOWS\System32\OLEAUT32.dll
0x00007ffa892f0000 - 0x00007ffa89322000 	C:\WINDOWS\SYSTEM32\dbgcore.DLL
0x00007ffa97a50000 - 0x00007ffa97aca000 	C:\WINDOWS\System32\bcryptPrimitives.dll
0x00007ffa8c520000 - 0x00007ffa8c545000 	C:\Program Files\JetBrains\PyCharm 2023.3\jbr\bin\java.dll

dbghelp: loaded successfully - version: 4.0.5 - missing functions: none
symbol engine: initialized successfully - sym options: 0x614 - pdb path: .;C:\Program Files\JetBrains\PyCharm 2023.3\jbr\bin;C:\WINDOWS\SYSTEM32;C:\WINDOWS\WinSxS\amd64_microsoft.windows.common-controls_6595b64144ccf1df_6.0.22621.3235_none_270f74e173860f98;C:\Program Files\JetBrains\PyCharm 2023.3\jbr\bin\server

VM Arguments:
jvm_args: -Djava.rmi.server.hostname=127.0.0.1 -Duser.timezone=UTC -Xmx2048m -Xms128m -Djdbc.classpath=C:\Program Files\JetBrains\PyCharm 2023.3\plugins\DatabaseTools\lib\jdbc-console.jar;C:\Users\Andreas\AppData\Roaming\JetBrains\PyCharm2023.3\jdbc-drivers\PostgreSQL\42.6.0\org\postgresql\postgresql\42.6.0\postgresql-42.6.0.jar;C:\Users\Andreas\AppData\Roaming\JetBrains\PyCharm2023.3\jdbc-drivers\PostgreSQL\42.6.0\org\checkerframework\checker-qual\3.31.0\checker-qual-3.31.0.jar;C:\Users\Andreas\AppData\Roaming\JetBrains\PyCharm2023.3\jdbc-drivers\PostgreSQL\42.6.0\com\github\waffle\waffle-jna\1.9.1\waffle-jna-1.9.1.jar;C:\Users\Andreas\AppData\Roaming\JetBrains\PyCharm2023.3\jdbc-drivers\PostgreSQL\42.6.0\net\java\dev\jna\jna\4.5.1\jna-4.5.1.jar;C:\Users\Andreas\AppData\Roaming\JetBrains\PyCharm2023.3\jdbc-drivers\PostgreSQL\42.6.0\net\java\dev\jna\jna-platform\4.5.1\jna-platform-4.5.1.jar;C:\Users\Andreas\AppData\Roaming\JetBrains\PyCharm2023.3\jdbc-drivers\PostgreSQL\42.6.0\org\slf4j\jcl-over-slf4j\1.7.25\jcl-over-slf4j-1.7.25.jar;C:\Users\Andreas\AppData\Roaming\JetBrains\PyCharm2023.3\jdbc-drivers\PostgreSQL\42.6.0\org\slf4j\slf4j-api\1.7.25\slf4j-api-1.7.25.jar;C:\Users\Andreas\AppData\Roaming\JetBrains\PyCharm2023.3\jdbc-drivers\PostgreSQL\42.6.0\com\github\ben-manes\caffeine\caffeine\2.6.2\caffeine-2.6.2.jar --add-exports=java.desktop/sun.awt=ALL-UNNAMED --add-exports=java.desktop/java.awt.peer=ALL-UNNAMED --add-opens=java.desktop/java.awt=ALL-UNNAMED --add-opens=jdk.unsupported/sun.misc=ALL-UNNAMED --add-opens=java.base/java.nio=ALL-UNNAMED --add-opens=java.base/java.util=ALL-UNNAMED -Dfile.encoding=UTF-8 
java_command: com.intellij.database.remote.RemoteJdbcServer org.postgresql.Driver
java_class_path (initial): C:\Program Files\JetBrains\PyCharm 2023.3\lib\util_rt.jar;C:\Program Files\JetBrains\PyCharm 2023.3\lib\util-8.jar;C:\Program Files\JetBrains\PyCharm 2023.3\lib\groovy.jar;C:\Program Files\JetBrains\PyCharm 2023.3\plugins\DatabaseTools\lib\jdbc-console.jar;C:\Program Files\JetBrains\PyCharm 2023.3\plugins\grid-core-impl\lib\jdbc-console-types.jar;C:\Program Files\JetBrains\PyCharm 2023.3\lib\util.jar
Launcher Type: SUN_STANDARD

[Global flags]
     intx CICompilerCount                          = 3                                         {product} {ergonomic}
     uint ConcGCThreads                            = 1                                         {product} {ergonomic}
     uint G1ConcRefinementThreads                  = 4                                         {product} {ergonomic}
   size_t G1HeapRegionSize                         = 1048576                                   {product} {ergonomic}
    uintx GCDrainStackTargetSize                   = 64                                        {product} {ergonomic}
   size_t InitialHeapSize                          = 134217728                                 {product} {command line}
   size_t MarkStackSize                            = 4194304                                   {product} {ergonomic}
   size_t MaxHeapSize                              = 2147483648                                {product} {command line}
   size_t MinHeapDeltaBytes                        = 1048576                                   {product} {ergonomic}
   size_t MinHeapSize                              = 134217728                                 {product} {command line}
    uintx NonNMethodCodeHeapSize                   = 5832780                                {pd product} {ergonomic}
    uintx NonProfiledCodeHeapSize                  = 122912730                              {pd product} {ergonomic}
    uintx ProfiledCodeHeapSize                     = 122912730                              {pd product} {ergonomic}
    uintx ReservedCodeCacheSize                    = 251658240                              {pd product} {ergonomic}
     bool SegmentedCodeCache                       = true                                      {product} {ergonomic}
   size_t SoftMaxHeapSize                          = 2147483648                             {manageable} {ergonomic}
     bool UseCompressedClassPointers               = true                           {product lp64_product} {ergonomic}
     bool UseCompressedOops                        = true                           {product lp64_product} {ergonomic}
     bool UseG1GC                                  = true                                      {product} {ergonomic}
     bool UseLargePagesIndividualAllocation        = false                                  {pd product} {ergonomic}

Logging:
Log output configuration:
 #0: stdout all=warning uptime,level,tags
 #1: stderr all=off uptime,level,tags

Environment Variables:
PATH=C:\VulkanSDK\1.3.275.0\Bin;C:\Program Files (x86)\Intel\iCLS Client\;C:\Program Files\Intel\iCLS Client\;C:\Program Files (x86)\Common Files\Oracle\Java\javapath;C:\Program Files\Python312\Scripts\;C:\Program Files\Python312\;C:\WINDOWS\system32;C:\WINDOWS;C:\WINDOWS\System32\Wbem;C:\WINDOWS\System32\WindowsPowerShell\v1.0\;C:\WINDOWS\System32\OpenSSH\;C:\ProgramData\chocolatey\bin;C:\Program Files\WinGet\Links;C:\Program Files\Microsoft SQL Server\150\Tools\Binn\;C:\Program Files (x86)\oh-my-posh\bin;C:\Program Files\PowerShell\7\;C:\Program Files\Microsoft VS Code\bin;C:\Program Files (x86)\GitExtensions\;C:\Program Files\nodejs\;C:\Program Files (x86)\Intel\Intel(R) Management Engine Components\DAL;C:\Program Files\Intel\Intel(R) Management Engine Components\DAL;C:\Program Files (x86)\Intel\Intel(R) Management Engine Components\IPT;C:\Program Files\Intel\Intel(R) Management Engine Components\IPT;C:\Program Files\Intel\WiFi\bin\;C:\Program Files\Common Files\Intel\WirelessCommon\;C:\Program Files (x86)\Gpg4win\..\GnuPG\bin;C:\Program Files\Microsoft SQL Server\Client SDK\ODBC\170\Tools\Binn\;C:\Program Files\dotnet\;C:\Program Files (x86)\Windows Kits\10\Windows Performance Toolkit\;C:\Program Files\Git LFS;C:\Program Files\Git\cmd;C:\Program Files\PowerShell\7;C:\VulkanSDK\1.3.275.0\Bin;C:\Program Files (x86)\Intel\iCLS Client\;C:\Program Files\Intel\iCLS Client\;C:\Program Files (x86)\Common Files\Oracle\Java\javapath;C:\Program Files\Python312\Scripts\;C:\Program Files\Python312\;C:\WINDOWS\system32;C:\WINDOWS;C:\WINDOWS\System32\Wbem;C:\WINDOWS\System32\WindowsPowerShell\v1.0\;C:\WINDOWS\System32\OpenSSH\;C:\ProgramData\chocolatey\bin;C:\Program Files\WinGet\Links;C:\Program Files\Microsoft SQL Server\150\Tools\Binn\;C:\Program Files (x86)\oh-my-posh\bin;C:\Program Files\PowerShell\7\;C:\Program Files\Microsoft VS Code\bin;C:\Program Files (x86)\GitExtensions\;C:\Program Files\nodejs\;C:\Program Files (x86)\Intel\Intel(R) Management Engine Components\DAL;C:\
USERNAME=Andreas
OS=Windows_NT
PROCESSOR_IDENTIFIER=Intel64 Family 6 Model 142 Stepping 9, GenuineIntel
TMP=C:\Users\Andreas\AppData\Local\Temp
TEMP=C:\Users\Andreas\AppData\Local\Temp



Periodic native trim disabled

JNI global refs:
JNI global refs: 0, weak refs: 0

JNI global refs memory usage: 0, weak refs: 0

OOME stack traces (most recent first):
Classloader memory used:


---------------  S Y S T E M  ---------------

OS:
 Windows 11 , 64 bit Build 22621 (10.0.22621.3235)
OS uptime: 2 days 12:56 hours
Hyper-V role detected

CPU: total 4 (initial active 4) (2 cores per cpu, 2 threads per core) family 6 model 142 stepping 9 microcode 0xde, cx8, cmov, fxsr, ht, mmx, 3dnowpref, sse, sse2, sse3, ssse3, sse4.1, sse4.2, popcnt, lzcnt, tsc, tscinvbit, avx, avx2, aes, erms, clmul, bmi1, bmi2, adx, fma, vzeroupper, clflush, clflushopt, hv
Processor Information for all 4 processors :
  Max Mhz: 2712, Current Mhz: 2511, Mhz Limit: 2495

Memory: 4k page, system-wide physical 8078M (675M free)
TotalPageFile size 12174M (AvailPageFile size 102M)
current process WorkingSet (physical memory assigned to process): 11M, peak: 11M
current process commit charge ("private bytes"): 52M, peak: 180M

vm_info: OpenJDK 64-Bit Server VM (17.0.10+1-b1087.23) for windows-amd64 JRE (17.0.10+1-b1087.23), built on 2024-03-18 by "builduser" with MS VC++ 16.10 / 16.11 (VS2019)

END.
