data class Log(
    val timestamp: String,
    val tag: String,
    val message: String
)

fun main() {
    val logs = listOf(
        Log(
            "2024-03-27T23:25:19.562Z",
            "[s.AiToolwindowsInitializer.reinitializeToolWindows]",
            "INFO AI state ENABLED"
        ),
        Log(
            "2024-03-27T23:25:19.563Z",
            "[ctureModificationListener$Companion.initForProject]",
            "INFO ProjectStructureModificationListener is init for project SocialSense"
        ),
        Log(
            "2024-03-27T23:25:19.571Z",
            "[y.aiintellij.ui.panels.AIToolWindowLogPanel.<init>]",
            "INFO initializing a logs panel"
        ),
        Log(
            "2024-03-27T23:25:19.662Z",
            "[nfrastructureApiService.createInfrastructureFacade]",
            "INFO isInfrastructureDebug: false"
        ),
        Log(
            "2024-03-27T23:25:19.663Z",
            "[nfrastructureApiService.createInfrastructureFacade]",
            "INFO Use port: 40178"
        ),
        Log(
            "2024-03-27T23:25:19.673Z",
            "[intellij.services.AiInitializeManager.initializeAI]",
            "INFO IntelliJ listens web server on port: 63342"
        ),
        Log(
            "2024-03-27T23:25:19.717Z",
            "[.services.HeavyInfrastructureApiService.initialize]",
            "INFO Plugin context initialized"
        ),
        Log(
            "2024-03-27T23:25:19.719Z",
            "[itializeManager$initializeAnalyzer$1.invokeSuspend]",
            "INFO initializing infrastructure"
        ),
        Log(
            "2024-03-27T23:25:35.706Z",
            "[initializeInfrastructureInstance$1$1.invokeSuspend]",
            "INFO Infrastructure initialized"
        ),
        Log(
            "202
