<<<<<<< HEAD
2024-03-29T09:09:25.121Z [s.AiToolwindowsInitializer.reinitializeToolWindows] INFO AI state ENABLED
2024-03-29T09:09:25.259Z [y.aiintellij.ui.panels.AIToolWindowLogPanel.<init>] INFO initializing a logs panel
2024-03-29T09:09:25.298Z [ctureModificationListener$Companion.initForProject] INFO ProjectStructureModificationListener is init for project SocialSense
2024-03-29T09:09:25.523Z [nfrastructureApiService.createInfrastructureFacade] INFO isInfrastructureDebug: false
2024-03-29T09:09:25.525Z [nfrastructureApiService.createInfrastructureFacade] INFO Use port: 8670
2024-03-29T09:09:25.575Z [.services.HeavyInfrastructureApiService.initialize] INFO Plugin context initialized
2024-03-29T09:09:25.575Z [itializeManager$initializeAnalyzer$1.invokeSuspend] INFO initializing infrastructure
2024-03-29T09:09:25.774Z [y.aiintellij.ui.panels.AIToolWindowLogPanel.<init>] INFO initializing a logs panel
2024-03-29T09:09:26.685Z [intellij.services.AiInitializeManager.initializeAI] INFO IntelliJ listens web server on port: 63342
2024-03-29T09:09:51.657Z [initializeInfrastructureInstance$1$1.invokeSuspend] INFO Infrastructure initialized
2024-03-29T09:09:57.223Z [y.aiintellij.utils.logging.AiProjectLogger.cleanUp] INFO Clean up logs files was started
2024-03-29T09:09:57.238Z [y.aiintellij.utils.logging.AiProjectLogger.cleanUp] INFO Clean up logs files was finished
2024-03-29T09:10:07.306Z [ices.aie.AieInitializer$initialize$1.invokeSuspend] INFO AIE integration isn't initialized, skipping listeners initialization
2024-03-29T09:10:07.324Z [els.AIToolWindowLogPanel.reloadAdditionalLogPanels] INFO reloading additional log panels
2024-03-29T09:10:11.206Z [els.AIToolWindowLogPanel.reloadAdditionalLogPanels] INFO not in developer mode, skipping
=======
import java.util.logging.Level;
import java.util.logging.Logger;

public class LogSample {
    private static final Logger LOGGER = Logger.getLogger(LogSample.class.getName());

    public static void main(String[] args) {
        LOGGER.log(Level.INFO, "AI state ENABLED");
        LOGGER.log(Level.INFO, "initializing a logs panel");
        LOGGER.log(Level.INFO, "ProjectStructureModificationListener is init for project SocialSense");
        LOGGER.log(Level.INFO, "isInfrastructureDebug: false");
        LOGGER.log(Level.INFO, "Use port: 8670");
        LOGGER.log(Level.INFO, "Plugin context initialized");
        LOGGER.log(Level.INFO, "initializing infrastructure");
        LOGGER.log(Level.INFO, "IntelliJ listens web server on port: 63342");
        LOGGER.log(Level.INFO, "Infrastructure initialized");
        LOGGER.log(Level.INFO, "Clean up logs files was started");
        LOGGER.log(Level.INFO, "Clean up logs files was finished");
        LOGGER.log(Level.INFO, "AIE integration isn't initialized, skipping listeners initialization");
        LOGGER.log(Level.INFO, "reloding additional log panels");
        LOGGER.log(Level.INFO, "not in developer mode, skipping");
    }
}
>>>>>>> 253105264d5cd49cfadfc83b0a7ab8b7f4f637c1
